cl : command line  warning D9035: option 'Gm' has been deprecated and will be removed in a future release
  view_plane.cpp
D:\Akashara\RayTracer_Framework\scene\view_plane.cpp(41,65): warning C4244: '=': conversion from 'double' to 'float', possible loss of data
D:\Akashara\RayTracer_Framework\scene\view_plane.cpp(42,65): warning C4244: '=': conversion from 'double' to 'float', possible loss of data
D:\Akashara\RayTracer_Framework\scene\view_plane.cpp(43,65): warning C4244: '=': conversion from 'double' to 'float', possible loss of data
  Scene.cpp
D:\Akashara\RayTracer_Framework\primitives\Wall.h(24,19): warning C4244: '=': conversion from 'double' to 'float', possible loss of data
  (compiling source file '../scene/Scene.cpp')
  
D:\Akashara\RayTracer_Framework\primitives\Wall.h(26,20): warning C4244: '=': conversion from 'double' to 'float', possible loss of data
  (compiling source file '../scene/Scene.cpp')
  
D:\Akashara\RayTracer_Framework\primitives\Wall.h(47,9): warning C4305: '=': truncation from 'double' to 'float'
  (compiling source file '../scene/Scene.cpp')
  
D:\Akashara\RayTracer_Framework\primitives\Wall.h(48,9): warning C4305: '=': truncation from 'double' to 'float'
  (compiling source file '../scene/Scene.cpp')
  
D:\Akashara\RayTracer_Framework\primitives\Wall.h(49,9): warning C4305: '=': truncation from 'double' to 'float'
  (compiling source file '../scene/Scene.cpp')
  
D:\Akashara\RayTracer_Framework\primitives\Sphere.h(11,31): warning C4305: 'argument': truncation from 'double' to 'float'
  (compiling source file '../scene/Scene.cpp')
  
D:\Akashara\RayTracer_Framework\primitives\Sphere.h(18,9): warning C4305: '=': truncation from 'double' to 'float'
  (compiling source file '../scene/Scene.cpp')
  
D:\Akashara\RayTracer_Framework\primitives\Sphere.h(19,9): warning C4305: '=': truncation from 'double' to 'float'
  (compiling source file '../scene/Scene.cpp')
  
D:\Akashara\RayTracer_Framework\primitives\Sphere.h(20,9): warning C4305: '=': truncation from 'double' to 'float'
  (compiling source file '../scene/Scene.cpp')
  
D:\Akashara\RayTracer_Framework\primitives\Sphere.h(25,10): warning C4305: '=': truncation from 'double' to 'float'
  (compiling source file '../scene/Scene.cpp')
  
  Light.cpp
  Ray_Tracer.cpp
  Wall.cpp
D:\Akashara\RayTracer_Framework\primitives\Wall.h(24,19): warning C4244: '=': conversion from 'double' to 'float', possible loss of data
  (compiling source file '../primitives/Wall.cpp')
  
D:\Akashara\RayTracer_Framework\primitives\Wall.h(26,20): warning C4244: '=': conversion from 'double' to 'float', possible loss of data
  (compiling source file '../primitives/Wall.cpp')
  
D:\Akashara\RayTracer_Framework\primitives\Wall.h(47,9): warning C4305: '=': truncation from 'double' to 'float'
  (compiling source file '../primitives/Wall.cpp')
  
D:\Akashara\RayTracer_Framework\primitives\Wall.h(48,9): warning C4305: '=': truncation from 'double' to 'float'
  (compiling source file '../primitives/Wall.cpp')
  
D:\Akashara\RayTracer_Framework\primitives\Wall.h(49,9): warning C4305: '=': truncation from 'double' to 'float'
  (compiling source file '../primitives/Wall.cpp')
  
  Triangle.cpp
  Sphere.cpp
D:\Akashara\RayTracer_Framework\primitives\Sphere.h(11,31): warning C4305: 'argument': truncation from 'double' to 'float'
  (compiling source file '../primitives/Sphere.cpp')
  
D:\Akashara\RayTracer_Framework\primitives\Sphere.h(18,9): warning C4305: '=': truncation from 'double' to 'float'
  (compiling source file '../primitives/Sphere.cpp')
  
D:\Akashara\RayTracer_Framework\primitives\Sphere.h(19,9): warning C4305: '=': truncation from 'double' to 'float'
  (compiling source file '../primitives/Sphere.cpp')
  
D:\Akashara\RayTracer_Framework\primitives\Sphere.h(20,9): warning C4305: '=': truncation from 'double' to 'float'
  (compiling source file '../primitives/Sphere.cpp')
  
D:\Akashara\RayTracer_Framework\primitives\Sphere.h(25,10): warning C4305: '=': truncation from 'double' to 'float'
  (compiling source file '../primitives/Sphere.cpp')
  
  Main.cpp
  Imageio.cpp
D:\Akashara\RayTracer_Framework\Imageio\Imageio.cpp(11,18): warning C4996: 'fopen': This function or variable may be unsafe. Consider using fopen_s instead. To disable deprecation, use _CRT_SECURE_NO_WARNINGS. See online help for details.
D:\Akashara\RayTracer_Framework\Imageio\Imageio.cpp(17,2): warning C4996: 'fscanf': This function or variable may be unsafe. Consider using fscanf_s instead. To disable deprecation, use _CRT_SECURE_NO_WARNINGS. See online help for details.
D:\Akashara\RayTracer_Framework\Imageio\Imageio.cpp(29,2): warning C4996: 'sscanf': This function or variable may be unsafe. Consider using sscanf_s instead. To disable deprecation, use _CRT_SECURE_NO_WARNINGS. See online help for details.
D:\Akashara\RayTracer_Framework\Imageio\Imageio.cpp(31,2): warning C4996: 'sscanf': This function or variable may be unsafe. Consider using sscanf_s instead. To disable deprecation, use _CRT_SECURE_NO_WARNINGS. See online help for details.
D:\Akashara\RayTracer_Framework\Imageio\Imageio.cpp(93,13): warning C4996: 'fopen': This function or variable may be unsafe. Consider using fopen_s instead. To disable deprecation, use _CRT_SECURE_NO_WARNINGS. See online help for details.
D:\Akashara\RayTracer_Framework\Imageio\Imageio.cpp(118,13): warning C4996: 'fopen': This function or variable may be unsafe. Consider using fopen_s instead. To disable deprecation, use _CRT_SECURE_NO_WARNINGS. See online help for details.
  math3d.cpp
  Application.cpp
D:\Akashara\RayTracer_Framework\Application.cpp(51,8): warning C4996: 'fopen': This function or variable may be unsafe. Consider using fopen_s instead. To disable deprecation, use _CRT_SECURE_NO_WARNINGS. See online help for details.
D:\Akashara\RayTracer_Framework\Application.cpp(63,2): warning C4996: 'sscanf': This function or variable may be unsafe. Consider using sscanf_s instead. To disable deprecation, use _CRT_SECURE_NO_WARNINGS. See online help for details.
D:\Akashara\RayTracer_Framework\Application.cpp(79,5): warning C4996: 'sscanf': This function or variable may be unsafe. Consider using sscanf_s instead. To disable deprecation, use _CRT_SECURE_NO_WARNINGS. See online help for details.
D:\Akashara\RayTracer_Framework\Application.cpp(31,8): warning C4101: 'dummy': unreferenced local variable
D:\Akashara\RayTracer_Framework\Application.cpp(32,10): warning C4101: 'j': unreferenced local variable
D:\Akashara\RayTracer_Framework\Application.cpp(32,8): warning C4101: 'i': unreferenced local variable
D:\Akashara\RayTracer_Framework\Application.cpp(121,8): warning C4996: 'fopen': This function or variable may be unsafe. Consider using fopen_s instead. To disable deprecation, use _CRT_SECURE_NO_WARNINGS. See online help for details.
D:\Akashara\RayTracer_Framework\Application.cpp(101,9): warning C4101: 'imageType': unreferenced local variable
D:\Akashara\RayTracer_Framework\Application.cpp(102,8): warning C4101: 'dummy': unreferenced local variable
D:\Akashara\RayTracer_Framework\Application.cpp(101,22): warning C4101: 'str': unreferenced local variable
  Generating Code...
Application.obj : warning LNK4075: ignoring '/EDITANDCONTINUE' due to '/SAFESEH' specification
  RayTracer.vcxproj -> D:\Akashara\RayTracer_Framework\Debug\RayTracer.exe
